{"D:\\POC\\React-Redux-BlogApp\\client\\test.js":{"path":"D:\\POC\\React-Redux-BlogApp\\client\\test.js","s":{"1":1,"2":1,"3":1,"4":0},"b":{"1":[1,0]},"f":{},"fnMap":{},"statementMap":{"1":{"start":{"line":1,"column":0},"end":{"line":1,"column":20}},"2":{"start":{"line":2,"column":0},"end":{"line":5,"column":18}},"3":{"start":{"line":3,"column":5},"end":{"line":3,"column":18}},"4":{"start":{"line":5,"column":5},"end":{"line":5,"column":18}}},"branchMap":{"1":{"line":2,"type":"if","locations":[{"start":{"line":2,"column":0},"end":{"line":2,"column":0}},{"start":{"line":2,"column":0},"end":{"line":2,"column":0}}]}}}}